Creating server: 'Alford' : 15240
RECEIVE: 'UPDATE 2e8590a357594778b29b8f0d7beb0fbc Welsh 1512397926.129416943 +34.068930-118.445127 0.002502918 Welsh'
CREATE NEW RECORD
	id: '2e8590a357594778b29b8f0d7beb0fbc'
	server: 'Welsh'
	ts: 1512397926.129417
	gps: '+34.068930-118.445127'
	time_diff: 0.002502918

RECEIVE: 'IAMAT 323d750bf9304563bd7a787687a4c5f1 +34.068930-118.445127 1512397926.149931908\n'
CREATE NEW RECORD
	id: '323d750bf9304563bd7a787687a4c5f1'
	server: 'Alford'
	ts: 1512397926.149932
	gps: '+34.068930-118.445127'
	time_diff: 0.001502037
SEND_REPLY: AT Alford +0.001502037 323d750bf9304563bd7a787687a4c5f1 +34.068930-118.445127 1512397926.149931908

RECEIVE: 'IAMAT 60f10881c115495382fd6ee50659cac4 +34.068930-118.445127 1512397927.644892931\n'
CREATE NEW RECORD
	id: '60f10881c115495382fd6ee50659cac4'
	server: 'Alford'
	ts: 1512397927.644893
	gps: '+34.068930-118.445127'
	time_diff: 0.001018524
SEND_REPLY: AT Alford +0.001018524 60f10881c115495382fd6ee50659cac4 +34.068930-118.445127 1512397927.644892931

RECEIVE: 'UPDATE fba54bd1517b4db6a464e3934e6b557c Holiday 1512397927.650398016 +34.068930-118.445127 0.004015207 Hamilton'
CREATE NEW RECORD
	id: 'fba54bd1517b4db6a464e3934e6b557c'
	server: 'Holiday'
	ts: 1512397927.650398
	gps: '+34.068930-118.445127'
	time_diff: 0.004015207

RECEIVE: 'UPDATE fba54bd1517b4db6a464e3934e6b557c Holiday 1512397927.650398016 +34.068930-118.445127 0.004015207 Welsh'
RECORD ALREADY EXISTS

RECEIVE: 'UPDATE fba54bd1517b4db6a464e3934e6b557c Holiday 1512398927.650398016 +34.068930-118.445127 -999.979486942 Hamilton'
MODIFY RECORD
	id: 'fba54bd1517b4db6a464e3934e6b557c'
	server: 'Holiday'
	ts: 1512398927.650398
	gps: '+34.068930-118.445127'
	time_diff: -999.979486942

RECEIVE: 'UPDATE fba54bd1517b4db6a464e3934e6b557c Holiday 1512398927.650398016 +34.068930-118.445127 -999.979486942 Welsh'
RECORD ALREADY EXISTS

RECEIVE: 'UPDATE 95e8c1186d464e67a0dc49aacd6e36ac Hamilton 1512397927.707938910 +34.068930-118.445127 0.001012802 Hamilton'
CREATE NEW RECORD
	id: '95e8c1186d464e67a0dc49aacd6e36ac'
	server: 'Hamilton'
	ts: 1512397927.707939
	gps: '+34.068930-118.445127'
	time_diff: 0.001012802
